<?xml version="1.0" encoding="UTF-8"?>
<testsuite xmlns:xsi="http://www.w3.org/2001/XMLSchema-instance" xsi:noNamespaceSchemaLocation="https://maven.apache.org/surefire/maven-surefire-plugin/xsd/surefire-test-report-3.0.xsd" version="3.0" name="com.findmostactivecookie.CookieContentAnalyzerImplTest" time="0.0" tests="6" errors="0" skipped="0" failures="0">
  <properties>
[...]
</properties>
  <testcase name="testFindMostActiveCookies_EmptyLogLines_ReturnEmptyList" classname="com.findmostactivecookie.CookieContentAnalyzerImplTest" time="0.0"/>
  <testcase name="testFindMostActiveCookies_NoMatchingDate_ReturnEmptyList" classname="com.findmostactivecookie.CookieContentAnalyzerImplTest" time="0.0"/>
  <testcase name="testFindMostActiveCookies_MultipleMostActiveCookies_ReturnAllMatchingCookies" classname="com.findmostactivecookie.CookieContentAnalyzerImplTest" time="0.0"/>
  <testcase name="testFindMostActiveCookies_SkipMalformedLogLine" classname="com.findmostactivecookie.CookieContentAnalyzerImplTest" time="0.0">
    <system-err><![CDATA[Apr 01, 2025 11:55:06 AM com.findmostactivecookie.implementations.CookieContentAnalyzerImpl findMostActiveCookies
WARNING: Malformed log entry: Bxyzxyz2023-01-01T11:00:00+00:00
]]></system-err>
  </testcase>
  <testcase name="testFindMostActiveCookies_SkipInvalidTimeStamp" classname="com.findmostactivecookie.CookieContentAnalyzerImplTest" time="0.0"/>
  <testcase name="testFindMostActiveCookies_SingleMostActiveCookie_ReturnSingleMatchingCookie" classname="com.findmostactivecookie.CookieContentAnalyzerImplTest" time="0.0"/>
</testsuite>